<?xml version="1.0" encoding="UTF-8"?>
<testsuite name="com.kpmg.dataprep.service.ImageServiceTest" tests="2" skipped="0" failures="0" errors="0" timestamp="2020-02-22T14:09:16" hostname="simseungcheol-ui-MacBookPro.local" time="5.431">
  <properties/>
  <testcase name="create()" classname="com.kpmg.dataprep.service.ImageServiceTest" time="0.113"/>
  <testcase name="readPython()" classname="com.kpmg.dataprep.service.ImageServiceTest" time="5.315"/>
  <system-out><![CDATA[2020-02-22 23:09:16.792  INFO 40587 --- [    Test worker] .b.t.c.SpringBootTestContextBootstrapper : Neither @ContextConfiguration nor @ContextHierarchy found for test class [com.kpmg.dataprep.service.ImageServiceTest], using SpringBootContextLoader
2020-02-22 23:09:16.794  INFO 40587 --- [    Test worker] o.s.t.c.support.AbstractContextLoader    : Could not detect default resource locations for test class [com.kpmg.dataprep.service.ImageServiceTest]: no resource found for suffixes {-context.xml, Context.groovy}.
2020-02-22 23:09:16.794  INFO 40587 --- [    Test worker] t.c.s.AnnotationConfigContextLoaderUtils : Could not detect default configuration classes for test class [com.kpmg.dataprep.service.ImageServiceTest]: ImageServiceTest does not declare any static, non-private, non-final, nested classes annotated with @Configuration.
2020-02-22 23:09:16.796  INFO 40587 --- [    Test worker] .b.t.c.SpringBootTestContextBootstrapper : Found @SpringBootConfiguration com.kpmg.dataprep.DataprepApplication for test class com.kpmg.dataprep.service.ImageServiceTest
2020-02-22 23:09:16.798  INFO 40587 --- [    Test worker] .b.t.c.SpringBootTestContextBootstrapper : Loaded default TestExecutionListener class names from location [META-INF/spring.factories]: [org.springframework.boot.test.autoconfigure.restdocs.RestDocsTestExecutionListener, org.springframework.boot.test.autoconfigure.web.client.MockRestServiceServerResetTestExecutionListener, org.springframework.boot.test.autoconfigure.web.servlet.MockMvcPrintOnlyOnFailureTestExecutionListener, org.springframework.boot.test.autoconfigure.web.servlet.WebDriverTestExecutionListener, org.springframework.boot.test.mock.mockito.MockitoTestExecutionListener, org.springframework.boot.test.mock.mockito.ResetMocksTestExecutionListener, org.springframework.test.context.web.ServletTestExecutionListener, org.springframework.test.context.support.DirtiesContextBeforeModesTestExecutionListener, org.springframework.test.context.support.DependencyInjectionTestExecutionListener, org.springframework.test.context.support.DirtiesContextTestExecutionListener, org.springframework.test.context.transaction.TransactionalTestExecutionListener, org.springframework.test.context.jdbc.SqlScriptsTestExecutionListener, org.springframework.test.context.event.EventPublishingTestExecutionListener]
2020-02-22 23:09:16.799  INFO 40587 --- [    Test worker] .b.t.c.SpringBootTestContextBootstrapper : Using TestExecutionListeners: [org.springframework.test.context.web.ServletTestExecutionListener@77468011, org.springframework.test.context.support.DirtiesContextBeforeModesTestExecutionListener@73e0e7cd, org.springframework.boot.test.mock.mockito.MockitoTestExecutionListener@150a1f88, org.springframework.boot.test.autoconfigure.SpringBootDependencyInjectionTestExecutionListener@35cd82dc, org.springframework.test.context.support.DirtiesContextTestExecutionListener@7648ca7c, org.springframework.test.context.transaction.TransactionalTestExecutionListener@2e285f7, org.springframework.test.context.jdbc.SqlScriptsTestExecutionListener@47d13c7c, org.springframework.test.context.event.EventPublishingTestExecutionListener@1e538d38, org.springframework.boot.test.autoconfigure.restdocs.RestDocsTestExecutionListener@2ef8bfa4, org.springframework.boot.test.autoconfigure.web.client.MockRestServiceServerResetTestExecutionListener@38a35ab1, org.springframework.boot.test.autoconfigure.web.servlet.MockMvcPrintOnlyOnFailureTestExecutionListener@765fb305, org.springframework.boot.test.autoconfigure.web.servlet.WebDriverTestExecutionListener@74e7dabb, org.springframework.boot.test.mock.mockito.ResetMocksTestExecutionListener@1f894e1c]
Hibernate: insert into image (file_id, image_name, update_time, worker_name) values (?, ?, ?, ?)
path:python3	/Users/simseungcheol/Desktop/studyProject/dataprepPythonFile/object_classification.py	/Users/simseungcheol/Desktop/studyProject/dataprepfile/831cff2ede294c04ba37b75b33d63bd0951.png

testtest
]]></system-out>
  <system-err><![CDATA[]]></system-err>
</testsuite>
