<?xml version="1.0" encoding="UTF-8"?>
<testsuite name="com.kpmg.dataprep.service.ImageServiceTest" tests="2" skipped="0" failures="0" errors="0" timestamp="2020-02-18T15:42:53" hostname="simseungcheol-ui-MacBookPro.local" time="0.657">
  <properties/>
  <testcase name="create()" classname="com.kpmg.dataprep.service.ImageServiceTest" time="0.313"/>
  <testcase name="readPython()" classname="com.kpmg.dataprep.service.ImageServiceTest" time="0.341"/>
  <system-out><![CDATA[2020-02-19 00:42:53.430  INFO 2388 --- [    Test worker] .b.t.c.SpringBootTestContextBootstrapper : Neither @ContextConfiguration nor @ContextHierarchy found for test class [com.kpmg.dataprep.service.ImageServiceTest], using SpringBootContextLoader
2020-02-19 00:42:53.431  INFO 2388 --- [    Test worker] o.s.t.c.support.AbstractContextLoader    : Could not detect default resource locations for test class [com.kpmg.dataprep.service.ImageServiceTest]: no resource found for suffixes {-context.xml, Context.groovy}.
2020-02-19 00:42:53.432  INFO 2388 --- [    Test worker] t.c.s.AnnotationConfigContextLoaderUtils : Could not detect default configuration classes for test class [com.kpmg.dataprep.service.ImageServiceTest]: ImageServiceTest does not declare any static, non-private, non-final, nested classes annotated with @Configuration.
2020-02-19 00:42:53.442  INFO 2388 --- [    Test worker] .b.t.c.SpringBootTestContextBootstrapper : Found @SpringBootConfiguration com.kpmg.dataprep.DataprepApplication for test class com.kpmg.dataprep.service.ImageServiceTest
2020-02-19 00:42:53.445  INFO 2388 --- [    Test worker] .b.t.c.SpringBootTestContextBootstrapper : Loaded default TestExecutionListener class names from location [META-INF/spring.factories]: [org.springframework.boot.test.autoconfigure.restdocs.RestDocsTestExecutionListener, org.springframework.boot.test.autoconfigure.web.client.MockRestServiceServerResetTestExecutionListener, org.springframework.boot.test.autoconfigure.web.servlet.MockMvcPrintOnlyOnFailureTestExecutionListener, org.springframework.boot.test.autoconfigure.web.servlet.WebDriverTestExecutionListener, org.springframework.boot.test.mock.mockito.MockitoTestExecutionListener, org.springframework.boot.test.mock.mockito.ResetMocksTestExecutionListener, org.springframework.test.context.web.ServletTestExecutionListener, org.springframework.test.context.support.DirtiesContextBeforeModesTestExecutionListener, org.springframework.test.context.support.DependencyInjectionTestExecutionListener, org.springframework.test.context.support.DirtiesContextTestExecutionListener, org.springframework.test.context.transaction.TransactionalTestExecutionListener, org.springframework.test.context.jdbc.SqlScriptsTestExecutionListener, org.springframework.test.context.event.EventPublishingTestExecutionListener]
2020-02-19 00:42:53.445  INFO 2388 --- [    Test worker] .b.t.c.SpringBootTestContextBootstrapper : Using TestExecutionListeners: [org.springframework.test.context.web.ServletTestExecutionListener@7eb3af97, org.springframework.test.context.support.DirtiesContextBeforeModesTestExecutionListener@c619a5d, org.springframework.boot.test.mock.mockito.MockitoTestExecutionListener@ef489db, org.springframework.boot.test.autoconfigure.SpringBootDependencyInjectionTestExecutionListener@31d012c4, org.springframework.test.context.support.DirtiesContextTestExecutionListener@52fccc7e, org.springframework.test.context.transaction.TransactionalTestExecutionListener@52cf170e, org.springframework.test.context.jdbc.SqlScriptsTestExecutionListener@78dff6dd, org.springframework.test.context.event.EventPublishingTestExecutionListener@49289d30, org.springframework.boot.test.autoconfigure.restdocs.RestDocsTestExecutionListener@7d833757, org.springframework.boot.test.autoconfigure.web.client.MockRestServiceServerResetTestExecutionListener@57de288e, org.springframework.boot.test.autoconfigure.web.servlet.MockMvcPrintOnlyOnFailureTestExecutionListener@50b055b6, org.springframework.boot.test.autoconfigure.web.servlet.WebDriverTestExecutionListener@5d7c838d, org.springframework.boot.test.mock.mockito.ResetMocksTestExecutionListener@39213efa]
Hibernate: insert into image (file_id, image_name, update_time, worker_name) values (?, ?, ?, ?)
path:python3	/home/ubuntu/dataprepPythonFile/object_classification.py	/home/ubuntu/dataprepFile/831cff2ede294c04ba37b75b33d63bd0951.png

testtest
]]></system-out>
  <system-err><![CDATA[]]></system-err>
</testsuite>
