<?xml version="1.0" encoding="UTF-8"?>
<testsuite name="com.kpmg.dataprep.DataprepApplicationTests" tests="1" skipped="0" failures="0" errors="0" timestamp="2020-02-18T15:42:54" hostname="simseungcheol-ui-MacBookPro.local" time="0.003">
  <properties/>
  <testcase name="contextLoads()" classname="com.kpmg.dataprep.DataprepApplicationTests" time="0.003"/>
  <system-out><![CDATA[2020-02-19 00:42:54.347  INFO 2388 --- [    Test worker] .b.t.c.SpringBootTestContextBootstrapper : Neither @ContextConfiguration nor @ContextHierarchy found for test class [com.kpmg.dataprep.DataprepApplicationTests], using SpringBootContextLoader
2020-02-19 00:42:54.348  INFO 2388 --- [    Test worker] o.s.t.c.support.AbstractContextLoader    : Could not detect default resource locations for test class [com.kpmg.dataprep.DataprepApplicationTests]: no resource found for suffixes {-context.xml, Context.groovy}.
2020-02-19 00:42:54.348  INFO 2388 --- [    Test worker] t.c.s.AnnotationConfigContextLoaderUtils : Could not detect default configuration classes for test class [com.kpmg.dataprep.DataprepApplicationTests]: DataprepApplicationTests does not declare any static, non-private, non-final, nested classes annotated with @Configuration.
2020-02-19 00:42:54.352  INFO 2388 --- [    Test worker] .b.t.c.SpringBootTestContextBootstrapper : Found @SpringBootConfiguration com.kpmg.dataprep.DataprepApplication for test class com.kpmg.dataprep.DataprepApplicationTests
2020-02-19 00:42:54.353  INFO 2388 --- [    Test worker] .b.t.c.SpringBootTestContextBootstrapper : Loaded default TestExecutionListener class names from location [META-INF/spring.factories]: [org.springframework.boot.test.autoconfigure.restdocs.RestDocsTestExecutionListener, org.springframework.boot.test.autoconfigure.web.client.MockRestServiceServerResetTestExecutionListener, org.springframework.boot.test.autoconfigure.web.servlet.MockMvcPrintOnlyOnFailureTestExecutionListener, org.springframework.boot.test.autoconfigure.web.servlet.WebDriverTestExecutionListener, org.springframework.boot.test.mock.mockito.MockitoTestExecutionListener, org.springframework.boot.test.mock.mockito.ResetMocksTestExecutionListener, org.springframework.test.context.web.ServletTestExecutionListener, org.springframework.test.context.support.DirtiesContextBeforeModesTestExecutionListener, org.springframework.test.context.support.DependencyInjectionTestExecutionListener, org.springframework.test.context.support.DirtiesContextTestExecutionListener, org.springframework.test.context.transaction.TransactionalTestExecutionListener, org.springframework.test.context.jdbc.SqlScriptsTestExecutionListener, org.springframework.test.context.event.EventPublishingTestExecutionListener]
2020-02-19 00:42:54.354  INFO 2388 --- [    Test worker] .b.t.c.SpringBootTestContextBootstrapper : Using TestExecutionListeners: [org.springframework.test.context.web.ServletTestExecutionListener@78400def, org.springframework.test.context.support.DirtiesContextBeforeModesTestExecutionListener@73668872, org.springframework.boot.test.mock.mockito.MockitoTestExecutionListener@4ee46b7d, org.springframework.boot.test.autoconfigure.SpringBootDependencyInjectionTestExecutionListener@1faf9bbd, org.springframework.test.context.support.DirtiesContextTestExecutionListener@67f8c2d2, org.springframework.test.context.transaction.TransactionalTestExecutionListener@201af347, org.springframework.test.context.jdbc.SqlScriptsTestExecutionListener@4dc8dbba, org.springframework.test.context.event.EventPublishingTestExecutionListener@2ed9c3cd, org.springframework.boot.test.autoconfigure.restdocs.RestDocsTestExecutionListener@f966a96, org.springframework.boot.test.autoconfigure.web.client.MockRestServiceServerResetTestExecutionListener@786120e8, org.springframework.boot.test.autoconfigure.web.servlet.MockMvcPrintOnlyOnFailureTestExecutionListener@73ff3155, org.springframework.boot.test.autoconfigure.web.servlet.WebDriverTestExecutionListener@1358434c, org.springframework.boot.test.mock.mockito.ResetMocksTestExecutionListener@2f26496b]
]]></system-out>
  <system-err><![CDATA[]]></system-err>
</testsuite>
