<?xml version="1.0" encoding="UTF-8"?>
<testsuite name="com.kpmg.dataprep.service.ImageServiceTest" tests="1" skipped="0" failures="0" errors="0" timestamp="2020-02-13T14:14:08" hostname="simseungcheol-ui-MacBookPro.local" time="0.254">
  <properties/>
  <testcase name="create()" classname="com.kpmg.dataprep.service.ImageServiceTest" time="0.254"/>
  <system-out><![CDATA[23:14:03.383 [Test worker] DEBUG org.springframework.test.context.BootstrapUtils - Instantiating CacheAwareContextLoaderDelegate from class [org.springframework.test.context.cache.DefaultCacheAwareContextLoaderDelegate]
23:14:03.395 [Test worker] DEBUG org.springframework.test.context.BootstrapUtils - Instantiating BootstrapContext using constructor [public org.springframework.test.context.support.DefaultBootstrapContext(java.lang.Class,org.springframework.test.context.CacheAwareContextLoaderDelegate)]
23:14:03.430 [Test worker] DEBUG org.springframework.test.context.BootstrapUtils - Instantiating TestContextBootstrapper for test class [com.kpmg.dataprep.service.ImageServiceTest] from class [org.springframework.boot.test.context.SpringBootTestContextBootstrapper]
23:14:03.443 [Test worker] INFO org.springframework.boot.test.context.SpringBootTestContextBootstrapper - Neither @ContextConfiguration nor @ContextHierarchy found for test class [com.kpmg.dataprep.service.ImageServiceTest], using SpringBootContextLoader
23:14:03.447 [Test worker] DEBUG org.springframework.test.context.support.AbstractContextLoader - Did not detect default resource location for test class [com.kpmg.dataprep.service.ImageServiceTest]: class path resource [com/kpmg/dataprep/service/ImageServiceTest-context.xml] does not exist
23:14:03.447 [Test worker] DEBUG org.springframework.test.context.support.AbstractContextLoader - Did not detect default resource location for test class [com.kpmg.dataprep.service.ImageServiceTest]: class path resource [com/kpmg/dataprep/service/ImageServiceTestContext.groovy] does not exist
23:14:03.448 [Test worker] INFO org.springframework.test.context.support.AbstractContextLoader - Could not detect default resource locations for test class [com.kpmg.dataprep.service.ImageServiceTest]: no resource found for suffixes {-context.xml, Context.groovy}.
23:14:03.449 [Test worker] INFO org.springframework.test.context.support.AnnotationConfigContextLoaderUtils - Could not detect default configuration classes for test class [com.kpmg.dataprep.service.ImageServiceTest]: ImageServiceTest does not declare any static, non-private, non-final, nested classes annotated with @Configuration.
23:14:03.484 [Test worker] DEBUG org.springframework.test.context.support.ActiveProfilesUtils - Could not find an 'annotation declaring class' for annotation type [org.springframework.test.context.ActiveProfiles] and class [com.kpmg.dataprep.service.ImageServiceTest]
23:14:03.544 [Test worker] DEBUG org.springframework.context.annotation.ClassPathScanningCandidateComponentProvider - Identified candidate component class: file [/Users/simseungcheol/Desktop/studyProject/dataprep/build/classes/java/main/com/kpmg/dataprep/DataprepApplication.class]
23:14:03.545 [Test worker] INFO org.springframework.boot.test.context.SpringBootTestContextBootstrapper - Found @SpringBootConfiguration com.kpmg.dataprep.DataprepApplication for test class com.kpmg.dataprep.service.ImageServiceTest
23:14:03.630 [Test worker] DEBUG org.springframework.boot.test.context.SpringBootTestContextBootstrapper - @TestExecutionListeners is not present for class [com.kpmg.dataprep.service.ImageServiceTest]: using defaults.
23:14:03.631 [Test worker] INFO org.springframework.boot.test.context.SpringBootTestContextBootstrapper - Loaded default TestExecutionListener class names from location [META-INF/spring.factories]: [org.springframework.boot.test.autoconfigure.restdocs.RestDocsTestExecutionListener, org.springframework.boot.test.autoconfigure.web.client.MockRestServiceServerResetTestExecutionListener, org.springframework.boot.test.autoconfigure.web.servlet.MockMvcPrintOnlyOnFailureTestExecutionListener, org.springframework.boot.test.autoconfigure.web.servlet.WebDriverTestExecutionListener, org.springframework.boot.test.mock.mockito.MockitoTestExecutionListener, org.springframework.boot.test.mock.mockito.ResetMocksTestExecutionListener, org.springframework.test.context.web.ServletTestExecutionListener, org.springframework.test.context.support.DirtiesContextBeforeModesTestExecutionListener, org.springframework.test.context.support.DependencyInjectionTestExecutionListener, org.springframework.test.context.support.DirtiesContextTestExecutionListener, org.springframework.test.context.transaction.TransactionalTestExecutionListener, org.springframework.test.context.jdbc.SqlScriptsTestExecutionListener, org.springframework.test.context.event.EventPublishingTestExecutionListener]
23:14:03.652 [Test worker] INFO org.springframework.boot.test.context.SpringBootTestContextBootstrapper - Using TestExecutionListeners: [org.springframework.test.context.web.ServletTestExecutionListener@4935dc5e, org.springframework.test.context.support.DirtiesContextBeforeModesTestExecutionListener@2c3f59b6, org.springframework.boot.test.mock.mockito.MockitoTestExecutionListener@4c077c9, org.springframework.boot.test.autoconfigure.SpringBootDependencyInjectionTestExecutionListener@4bc448ce, org.springframework.test.context.support.DirtiesContextTestExecutionListener@2c74aac4, org.springframework.test.context.transaction.TransactionalTestExecutionListener@7a50a415, org.springframework.test.context.jdbc.SqlScriptsTestExecutionListener@7d29eaa9, org.springframework.test.context.event.EventPublishingTestExecutionListener@14425ffa, org.springframework.boot.test.autoconfigure.restdocs.RestDocsTestExecutionListener@1d69e53c, org.springframework.boot.test.autoconfigure.web.client.MockRestServiceServerResetTestExecutionListener@62e68a88, org.springframework.boot.test.autoconfigure.web.servlet.MockMvcPrintOnlyOnFailureTestExecutionListener@50a858df, org.springframework.boot.test.autoconfigure.web.servlet.WebDriverTestExecutionListener@569360bf, org.springframework.boot.test.mock.mockito.ResetMocksTestExecutionListener@4013f54]
23:14:03.655 [Test worker] DEBUG org.springframework.test.context.support.AbstractDirtiesContextTestExecutionListener - Before test class: context [DefaultTestContext@1a89bf61 testClass = ImageServiceTest, testInstance = [null], testMethod = [null], testException = [null], mergedContextConfiguration = [WebMergedContextConfiguration@16189527 testClass = ImageServiceTest, locations = '{}', classes = '{class com.kpmg.dataprep.DataprepApplication}', contextInitializerClasses = '[]', activeProfiles = '{}', propertySourceLocations = '{}', propertySourceProperties = '{org.springframework.boot.test.context.SpringBootTestContextBootstrapper=true}', contextCustomizers = set[org.springframework.boot.test.autoconfigure.properties.PropertyMappingContextCustomizer@0, org.springframework.boot.test.autoconfigure.web.servlet.WebDriverContextCustomizerFactory$Customizer@3cbf3ba9, org.springframework.boot.test.context.filter.ExcludeFilterContextCustomizer@1a0f193e, org.springframework.boot.test.json.DuplicateJsonObjectContextCustomizerFactory$DuplicateJsonObjectContextCustomizer@432f30fd, org.springframework.boot.test.mock.mockito.MockitoContextCustomizer@0, org.springframework.boot.test.web.client.TestRestTemplateContextCustomizer@6b63bcb7], resourceBasePath = 'src/main/webapp', contextLoader = 'org.springframework.boot.test.context.SpringBootContextLoader', parent = [null]], attributes = map['org.springframework.test.context.web.ServletTestExecutionListener.activateListener' -> true]], class annotated with @DirtiesContext [false] with mode [null].
23:14:03.680 [Test worker] DEBUG org.springframework.test.context.support.TestPropertySourceUtils - Adding inlined properties to environment: {spring.jmx.enabled=false, org.springframework.boot.test.context.SpringBootTestContextBootstrapper=true, server.port=-1}

  .   ____          _            __ _ _
 /\\ / ___'_ __ _ _(_)_ __  __ _ \ \ \ \
( ( )\___ | '_ | '_| | '_ \/ _` | \ \ \ \
 \\/  ___)| |_)| | | | | || (_| |  ) ) ) )
  '  |____| .__|_| |_|_| |_\__, | / / / /
 =========|_|==============|___/=/_/_/_/
 :: Spring Boot ::        (v2.2.4.RELEASE)

2020-02-13 23:14:03.932  INFO 36924 --- [    Test worker] c.k.dataprep.service.ImageServiceTest    : Starting ImageServiceTest on simseungcheol-ui-MacBookPro.local with PID 36924 (started by simseungcheol in /Users/simseungcheol/Desktop/studyProject/dataprep)
2020-02-13 23:14:03.933  INFO 36924 --- [    Test worker] c.k.dataprep.service.ImageServiceTest    : No active profile set, falling back to default profiles: default
2020-02-13 23:14:04.582  INFO 36924 --- [    Test worker] .s.d.r.c.RepositoryConfigurationDelegate : Bootstrapping Spring Data JPA repositories in DEFAULT mode.
2020-02-13 23:14:04.688  INFO 36924 --- [    Test worker] .s.d.r.c.RepositoryConfigurationDelegate : Finished Spring Data repository scanning in 90ms. Found 1 JPA repository interfaces.
2020-02-13 23:14:05.094  INFO 36924 --- [    Test worker] trationDelegate$BeanPostProcessorChecker : Bean 'org.springframework.transaction.annotation.ProxyTransactionManagementConfiguration' of type [org.springframework.transaction.annotation.ProxyTransactionManagementConfiguration] is not eligible for getting processed by all BeanPostProcessors (for example: not eligible for auto-proxying)
2020-02-13 23:14:05.289  INFO 36924 --- [    Test worker] com.zaxxer.hikari.HikariDataSource       : HikariPool-1 - Starting...
2020-02-13 23:14:05.542  INFO 36924 --- [    Test worker] com.zaxxer.hikari.HikariDataSource       : HikariPool-1 - Start completed.
2020-02-13 23:14:05.625  INFO 36924 --- [    Test worker] o.hibernate.jpa.internal.util.LogHelper  : HHH000204: Processing PersistenceUnitInfo [name: default]
2020-02-13 23:14:05.692  INFO 36924 --- [    Test worker] org.hibernate.Version                    : HHH000412: Hibernate Core {5.4.10.Final}
2020-02-13 23:14:05.847  INFO 36924 --- [    Test worker] o.hibernate.annotations.common.Version   : HCANN000001: Hibernate Commons Annotations {5.1.0.Final}
2020-02-13 23:14:06.080  INFO 36924 --- [    Test worker] org.hibernate.dialect.Dialect            : HHH000400: Using dialect: org.hibernate.dialect.MySQL5Dialect
2020-02-13 23:14:06.770  INFO 36924 --- [    Test worker] org.hibernate.tuple.PojoInstantiator     : HHH000182: No default (no-argument) constructor for class: com.kpmg.dataprep.domain.User (class must be instantiated by Interceptor)
2020-02-13 23:14:06.981  INFO 36924 --- [    Test worker] o.h.e.t.j.p.i.JtaPlatformInitiator       : HHH000490: Using JtaPlatform implementation: [org.hibernate.engine.transaction.jta.platform.internal.NoJtaPlatform]
2020-02-13 23:14:06.989  INFO 36924 --- [    Test worker] j.LocalContainerEntityManagerFactoryBean : Initialized JPA EntityManagerFactory for persistence unit 'default'
2020-02-13 23:14:07.547  WARN 36924 --- [    Test worker] JpaBaseConfiguration$JpaWebConfiguration : spring.jpa.open-in-view is enabled by default. Therefore, database queries may be performed during view rendering. Explicitly configure spring.jpa.open-in-view to disable this warning
2020-02-13 23:14:07.778  INFO 36924 --- [    Test worker] o.s.s.concurrent.ThreadPoolTaskExecutor  : Initializing ExecutorService 'applicationTaskExecutor'
2020-02-13 23:14:08.085  INFO 36924 --- [    Test worker] c.k.dataprep.service.ImageServiceTest    : Started ImageServiceTest in 4.397 seconds (JVM running for 5.538)
Hibernate: insert into image (file_id, image_name, update_time, worker_name) values (?, ?, ?, ?)
]]></system-out>
  <system-err><![CDATA[]]></system-err>
</testsuite>
