<?xml version="1.0" encoding="UTF-8"?>
<testsuite name="com.kpmg.dataprep.service.FileServiceTest" tests="1" skipped="0" failures="0" errors="0" timestamp="2020-02-22T14:09:22" hostname="simseungcheol-ui-MacBookPro.local" time="0.003">
  <properties/>
  <testcase name="uploadFileDir()" classname="com.kpmg.dataprep.service.FileServiceTest" time="0.003"/>
  <system-out><![CDATA[2020-02-22 23:09:22.238  INFO 40587 --- [    Test worker] .b.t.c.SpringBootTestContextBootstrapper : Neither @ContextConfiguration nor @ContextHierarchy found for test class [com.kpmg.dataprep.service.FileServiceTest], using SpringBootContextLoader
2020-02-22 23:09:22.239  INFO 40587 --- [    Test worker] o.s.t.c.support.AbstractContextLoader    : Could not detect default resource locations for test class [com.kpmg.dataprep.service.FileServiceTest]: no resource found for suffixes {-context.xml, Context.groovy}.
2020-02-22 23:09:22.239  INFO 40587 --- [    Test worker] t.c.s.AnnotationConfigContextLoaderUtils : Could not detect default configuration classes for test class [com.kpmg.dataprep.service.FileServiceTest]: FileServiceTest does not declare any static, non-private, non-final, nested classes annotated with @Configuration.
2020-02-22 23:09:22.241  INFO 40587 --- [    Test worker] .b.t.c.SpringBootTestContextBootstrapper : Found @SpringBootConfiguration com.kpmg.dataprep.DataprepApplication for test class com.kpmg.dataprep.service.FileServiceTest
2020-02-22 23:09:22.243  INFO 40587 --- [    Test worker] .b.t.c.SpringBootTestContextBootstrapper : Loaded default TestExecutionListener class names from location [META-INF/spring.factories]: [org.springframework.boot.test.autoconfigure.restdocs.RestDocsTestExecutionListener, org.springframework.boot.test.autoconfigure.web.client.MockRestServiceServerResetTestExecutionListener, org.springframework.boot.test.autoconfigure.web.servlet.MockMvcPrintOnlyOnFailureTestExecutionListener, org.springframework.boot.test.autoconfigure.web.servlet.WebDriverTestExecutionListener, org.springframework.boot.test.mock.mockito.MockitoTestExecutionListener, org.springframework.boot.test.mock.mockito.ResetMocksTestExecutionListener, org.springframework.test.context.web.ServletTestExecutionListener, org.springframework.test.context.support.DirtiesContextBeforeModesTestExecutionListener, org.springframework.test.context.support.DependencyInjectionTestExecutionListener, org.springframework.test.context.support.DirtiesContextTestExecutionListener, org.springframework.test.context.transaction.TransactionalTestExecutionListener, org.springframework.test.context.jdbc.SqlScriptsTestExecutionListener, org.springframework.test.context.event.EventPublishingTestExecutionListener]
2020-02-22 23:09:22.244  INFO 40587 --- [    Test worker] .b.t.c.SpringBootTestContextBootstrapper : Using TestExecutionListeners: [org.springframework.test.context.web.ServletTestExecutionListener@31b08484, org.springframework.test.context.support.DirtiesContextBeforeModesTestExecutionListener@c980a3d, org.springframework.boot.test.mock.mockito.MockitoTestExecutionListener@1ad39116, org.springframework.boot.test.autoconfigure.SpringBootDependencyInjectionTestExecutionListener@28004d4f, org.springframework.test.context.support.DirtiesContextTestExecutionListener@1da1686f, org.springframework.test.context.transaction.TransactionalTestExecutionListener@51245004, org.springframework.test.context.jdbc.SqlScriptsTestExecutionListener@57f93017, org.springframework.test.context.event.EventPublishingTestExecutionListener@7d396592, org.springframework.boot.test.autoconfigure.restdocs.RestDocsTestExecutionListener@6b4d884a, org.springframework.boot.test.autoconfigure.web.client.MockRestServiceServerResetTestExecutionListener@181a5157, org.springframework.boot.test.autoconfigure.web.servlet.MockMvcPrintOnlyOnFailureTestExecutionListener@6fdb3cb, org.springframework.boot.test.autoconfigure.web.servlet.WebDriverTestExecutionListener@30de5373, org.springframework.boot.test.mock.mockito.ResetMocksTestExecutionListener@37d682fa]
/Users/simseungcheol/Desktop/studyProject/dataprepfile/
]]></system-out>
  <system-err><![CDATA[]]></system-err>
</testsuite>
