<?xml version="1.0" encoding="UTF-8"?>
<testsuite name="com.kpmg.dataprep.service.FileServiceTest" tests="1" skipped="0" failures="0" errors="0" timestamp="2020-02-18T15:42:54" hostname="simseungcheol-ui-MacBookPro.local" time="0.004">
  <properties/>
  <testcase name="uploadFileDir()" classname="com.kpmg.dataprep.service.FileServiceTest" time="0.004"/>
  <system-out><![CDATA[2020-02-19 00:42:54.110  INFO 2388 --- [    Test worker] .b.t.c.SpringBootTestContextBootstrapper : Neither @ContextConfiguration nor @ContextHierarchy found for test class [com.kpmg.dataprep.service.FileServiceTest], using SpringBootContextLoader
2020-02-19 00:42:54.111  INFO 2388 --- [    Test worker] o.s.t.c.support.AbstractContextLoader    : Could not detect default resource locations for test class [com.kpmg.dataprep.service.FileServiceTest]: no resource found for suffixes {-context.xml, Context.groovy}.
2020-02-19 00:42:54.112  INFO 2388 --- [    Test worker] t.c.s.AnnotationConfigContextLoaderUtils : Could not detect default configuration classes for test class [com.kpmg.dataprep.service.FileServiceTest]: FileServiceTest does not declare any static, non-private, non-final, nested classes annotated with @Configuration.
2020-02-19 00:42:54.113  INFO 2388 --- [    Test worker] .b.t.c.SpringBootTestContextBootstrapper : Found @SpringBootConfiguration com.kpmg.dataprep.DataprepApplication for test class com.kpmg.dataprep.service.FileServiceTest
2020-02-19 00:42:54.116  INFO 2388 --- [    Test worker] .b.t.c.SpringBootTestContextBootstrapper : Loaded default TestExecutionListener class names from location [META-INF/spring.factories]: [org.springframework.boot.test.autoconfigure.restdocs.RestDocsTestExecutionListener, org.springframework.boot.test.autoconfigure.web.client.MockRestServiceServerResetTestExecutionListener, org.springframework.boot.test.autoconfigure.web.servlet.MockMvcPrintOnlyOnFailureTestExecutionListener, org.springframework.boot.test.autoconfigure.web.servlet.WebDriverTestExecutionListener, org.springframework.boot.test.mock.mockito.MockitoTestExecutionListener, org.springframework.boot.test.mock.mockito.ResetMocksTestExecutionListener, org.springframework.test.context.web.ServletTestExecutionListener, org.springframework.test.context.support.DirtiesContextBeforeModesTestExecutionListener, org.springframework.test.context.support.DependencyInjectionTestExecutionListener, org.springframework.test.context.support.DirtiesContextTestExecutionListener, org.springframework.test.context.transaction.TransactionalTestExecutionListener, org.springframework.test.context.jdbc.SqlScriptsTestExecutionListener, org.springframework.test.context.event.EventPublishingTestExecutionListener]
2020-02-19 00:42:54.117  INFO 2388 --- [    Test worker] .b.t.c.SpringBootTestContextBootstrapper : Using TestExecutionListeners: [org.springframework.test.context.web.ServletTestExecutionListener@2d5635d7, org.springframework.test.context.support.DirtiesContextBeforeModesTestExecutionListener@eaaeabb, org.springframework.boot.test.mock.mockito.MockitoTestExecutionListener@2f3c5f22, org.springframework.boot.test.autoconfigure.SpringBootDependencyInjectionTestExecutionListener@47b0e421, org.springframework.test.context.support.DirtiesContextTestExecutionListener@5b54898d, org.springframework.test.context.transaction.TransactionalTestExecutionListener@2f25f6e, org.springframework.test.context.jdbc.SqlScriptsTestExecutionListener@4ffac55d, org.springframework.test.context.event.EventPublishingTestExecutionListener@f2bb16f, org.springframework.boot.test.autoconfigure.restdocs.RestDocsTestExecutionListener@704c49e6, org.springframework.boot.test.autoconfigure.web.client.MockRestServiceServerResetTestExecutionListener@605561ae, org.springframework.boot.test.autoconfigure.web.servlet.MockMvcPrintOnlyOnFailureTestExecutionListener@791c90d4, org.springframework.boot.test.autoconfigure.web.servlet.WebDriverTestExecutionListener@2beee651, org.springframework.boot.test.mock.mockito.ResetMocksTestExecutionListener@39ff89b3]
/home/ubuntu/dataprepFile/
]]></system-out>
  <system-err><![CDATA[]]></system-err>
</testsuite>
