<?xml version="1.0" encoding="UTF-8"?>
<testsuite name="com.kpmg.dataprep.controller.ImageControllerTest" tests="1" skipped="0" failures="0" errors="0" timestamp="2020-02-18T15:42:53" hostname="simseungcheol-ui-MacBookPro.local" time="0.158">
  <properties/>
  <testcase name="list()" classname="com.kpmg.dataprep.controller.ImageControllerTest" time="0.158"/>
  <system-out><![CDATA[00:42:41.149 [Test worker] DEBUG org.springframework.test.context.BootstrapUtils - Instantiating CacheAwareContextLoaderDelegate from class [org.springframework.test.context.cache.DefaultCacheAwareContextLoaderDelegate]
00:42:41.249 [Test worker] DEBUG org.springframework.test.context.BootstrapUtils - Instantiating BootstrapContext using constructor [public org.springframework.test.context.support.DefaultBootstrapContext(java.lang.Class,org.springframework.test.context.CacheAwareContextLoaderDelegate)]
00:42:41.410 [Test worker] DEBUG org.springframework.test.context.BootstrapUtils - Instantiating TestContextBootstrapper for test class [com.kpmg.dataprep.controller.ImageControllerTest] from class [org.springframework.boot.test.context.SpringBootTestContextBootstrapper]
00:42:41.448 [Test worker] INFO org.springframework.boot.test.context.SpringBootTestContextBootstrapper - Neither @ContextConfiguration nor @ContextHierarchy found for test class [com.kpmg.dataprep.controller.ImageControllerTest], using SpringBootContextLoader
00:42:41.494 [Test worker] DEBUG org.springframework.test.context.support.AbstractContextLoader - Did not detect default resource location for test class [com.kpmg.dataprep.controller.ImageControllerTest]: class path resource [com/kpmg/dataprep/controller/ImageControllerTest-context.xml] does not exist
00:42:41.495 [Test worker] DEBUG org.springframework.test.context.support.AbstractContextLoader - Did not detect default resource location for test class [com.kpmg.dataprep.controller.ImageControllerTest]: class path resource [com/kpmg/dataprep/controller/ImageControllerTestContext.groovy] does not exist
00:42:41.496 [Test worker] INFO org.springframework.test.context.support.AbstractContextLoader - Could not detect default resource locations for test class [com.kpmg.dataprep.controller.ImageControllerTest]: no resource found for suffixes {-context.xml, Context.groovy}.
00:42:41.511 [Test worker] INFO org.springframework.test.context.support.AnnotationConfigContextLoaderUtils - Could not detect default configuration classes for test class [com.kpmg.dataprep.controller.ImageControllerTest]: ImageControllerTest does not declare any static, non-private, non-final, nested classes annotated with @Configuration.
00:42:41.614 [Test worker] DEBUG org.springframework.test.context.support.ActiveProfilesUtils - Could not find an 'annotation declaring class' for annotation type [org.springframework.test.context.ActiveProfiles] and class [com.kpmg.dataprep.controller.ImageControllerTest]
00:42:41.848 [Test worker] DEBUG org.springframework.context.annotation.ClassPathScanningCandidateComponentProvider - Identified candidate component class: file [/Users/simseungcheol/Desktop/studyProject/dataprep/build/classes/java/main/com/kpmg/dataprep/DataprepApplication.class]
00:42:41.851 [Test worker] INFO org.springframework.boot.test.context.SpringBootTestContextBootstrapper - Found @SpringBootConfiguration com.kpmg.dataprep.DataprepApplication for test class com.kpmg.dataprep.controller.ImageControllerTest
00:42:42.405 [Test worker] DEBUG org.springframework.boot.test.context.SpringBootTestContextBootstrapper - @TestExecutionListeners is not present for class [com.kpmg.dataprep.controller.ImageControllerTest]: using defaults.
00:42:42.409 [Test worker] INFO org.springframework.boot.test.context.SpringBootTestContextBootstrapper - Loaded default TestExecutionListener class names from location [META-INF/spring.factories]: [org.springframework.boot.test.autoconfigure.restdocs.RestDocsTestExecutionListener, org.springframework.boot.test.autoconfigure.web.client.MockRestServiceServerResetTestExecutionListener, org.springframework.boot.test.autoconfigure.web.servlet.MockMvcPrintOnlyOnFailureTestExecutionListener, org.springframework.boot.test.autoconfigure.web.servlet.WebDriverTestExecutionListener, org.springframework.boot.test.mock.mockito.MockitoTestExecutionListener, org.springframework.boot.test.mock.mockito.ResetMocksTestExecutionListener, org.springframework.test.context.web.ServletTestExecutionListener, org.springframework.test.context.support.DirtiesContextBeforeModesTestExecutionListener, org.springframework.test.context.support.DependencyInjectionTestExecutionListener, org.springframework.test.context.support.DirtiesContextTestExecutionListener, org.springframework.test.context.transaction.TransactionalTestExecutionListener, org.springframework.test.context.jdbc.SqlScriptsTestExecutionListener, org.springframework.test.context.event.EventPublishingTestExecutionListener]
00:42:42.498 [Test worker] INFO org.springframework.boot.test.context.SpringBootTestContextBootstrapper - Using TestExecutionListeners: [org.springframework.test.context.web.ServletTestExecutionListener@35a0ddf, org.springframework.test.context.support.DirtiesContextBeforeModesTestExecutionListener@5422c587, org.springframework.boot.test.mock.mockito.MockitoTestExecutionListener@141b73d9, org.springframework.boot.test.autoconfigure.SpringBootDependencyInjectionTestExecutionListener@297e6265, org.springframework.test.context.support.DirtiesContextTestExecutionListener@7a99a660, org.springframework.test.context.transaction.TransactionalTestExecutionListener@38554a49, org.springframework.test.context.jdbc.SqlScriptsTestExecutionListener@771f7321, org.springframework.test.context.event.EventPublishingTestExecutionListener@2da84aed, org.springframework.boot.test.autoconfigure.restdocs.RestDocsTestExecutionListener@1a35439e, org.springframework.boot.test.autoconfigure.web.client.MockRestServiceServerResetTestExecutionListener@8a04593, org.springframework.boot.test.autoconfigure.web.servlet.MockMvcPrintOnlyOnFailureTestExecutionListener@42aa9dd, org.springframework.boot.test.autoconfigure.web.servlet.WebDriverTestExecutionListener@6bba6497, org.springframework.boot.test.mock.mockito.ResetMocksTestExecutionListener@5b23e3cd]
00:42:42.510 [Test worker] DEBUG org.springframework.test.context.support.AbstractDirtiesContextTestExecutionListener - Before test class: context [DefaultTestContext@68f06344 testClass = ImageControllerTest, testInstance = [null], testMethod = [null], testException = [null], mergedContextConfiguration = [WebMergedContextConfiguration@3e168b55 testClass = ImageControllerTest, locations = '{}', classes = '{class com.kpmg.dataprep.DataprepApplication}', contextInitializerClasses = '[]', activeProfiles = '{}', propertySourceLocations = '{}', propertySourceProperties = '{org.springframework.boot.test.context.SpringBootTestContextBootstrapper=true}', contextCustomizers = set[org.springframework.boot.test.autoconfigure.properties.PropertyMappingContextCustomizer@0, org.springframework.boot.test.autoconfigure.web.servlet.WebDriverContextCustomizerFactory$Customizer@70e6be42, org.springframework.boot.test.context.filter.ExcludeFilterContextCustomizer@62071b01, org.springframework.boot.test.json.DuplicateJsonObjectContextCustomizerFactory$DuplicateJsonObjectContextCustomizer@4bb270b4, org.springframework.boot.test.mock.mockito.MockitoContextCustomizer@0, org.springframework.boot.test.web.client.TestRestTemplateContextCustomizer@2217154], resourceBasePath = 'src/main/webapp', contextLoader = 'org.springframework.boot.test.context.SpringBootContextLoader', parent = [null]], attributes = map['org.springframework.test.context.web.ServletTestExecutionListener.activateListener' -> true]], class annotated with @DirtiesContext [false] with mode [null].
00:42:42.593 [Test worker] DEBUG org.springframework.test.context.support.TestPropertySourceUtils - Adding inlined properties to environment: {spring.jmx.enabled=false, org.springframework.boot.test.context.SpringBootTestContextBootstrapper=true, server.port=-1}

  .   ____          _            __ _ _
 /\\ / ___'_ __ _ _(_)_ __  __ _ \ \ \ \
( ( )\___ | '_ | '_| | '_ \/ _` | \ \ \ \
 \\/  ___)| |_)| | | | | || (_| |  ) ) ) )
  '  |____| .__|_| |_|_| |_\__, | / / / /
 =========|_|==============|___/=/_/_/_/
 :: Spring Boot ::        (v2.2.4.RELEASE)

2020-02-19 00:42:43.641  INFO 2388 --- [    Test worker] c.k.d.controller.ImageControllerTest     : Starting ImageControllerTest on simseungcheol-ui-MacBookPro.local with PID 2388 (started by simseungcheol in /Users/simseungcheol/Desktop/studyProject/dataprep)
2020-02-19 00:42:43.644  INFO 2388 --- [    Test worker] c.k.d.controller.ImageControllerTest     : No active profile set, falling back to default profiles: default
2020-02-19 00:42:46.299  INFO 2388 --- [    Test worker] .s.d.r.c.RepositoryConfigurationDelegate : Bootstrapping Spring Data JPA repositories in DEFAULT mode.
2020-02-19 00:42:46.509  INFO 2388 --- [    Test worker] .s.d.r.c.RepositoryConfigurationDelegate : Finished Spring Data repository scanning in 172ms. Found 4 JPA repository interfaces.
2020-02-19 00:42:47.790  INFO 2388 --- [    Test worker] trationDelegate$BeanPostProcessorChecker : Bean 'org.springframework.transaction.annotation.ProxyTransactionManagementConfiguration' of type [org.springframework.transaction.annotation.ProxyTransactionManagementConfiguration] is not eligible for getting processed by all BeanPostProcessors (for example: not eligible for auto-proxying)
2020-02-19 00:42:48.152  INFO 2388 --- [    Test worker] com.zaxxer.hikari.HikariDataSource       : HikariPool-1 - Starting...
2020-02-19 00:42:49.299  INFO 2388 --- [    Test worker] com.zaxxer.hikari.HikariDataSource       : HikariPool-1 - Start completed.
2020-02-19 00:42:49.397  INFO 2388 --- [    Test worker] o.hibernate.jpa.internal.util.LogHelper  : HHH000204: Processing PersistenceUnitInfo [name: default]
2020-02-19 00:42:49.492  INFO 2388 --- [    Test worker] org.hibernate.Version                    : HHH000412: Hibernate Core {5.4.10.Final}
2020-02-19 00:42:49.698  INFO 2388 --- [    Test worker] o.hibernate.annotations.common.Version   : HCANN000001: Hibernate Commons Annotations {5.1.0.Final}
2020-02-19 00:42:49.917  INFO 2388 --- [    Test worker] org.hibernate.dialect.Dialect            : HHH000400: Using dialect: org.hibernate.dialect.MySQL5Dialect
2020-02-19 00:42:51.181  INFO 2388 --- [    Test worker] o.h.e.t.j.p.i.JtaPlatformInitiator       : HHH000490: Using JtaPlatform implementation: [org.hibernate.engine.transaction.jta.platform.internal.NoJtaPlatform]
2020-02-19 00:42:51.191  INFO 2388 --- [    Test worker] j.LocalContainerEntityManagerFactoryBean : Initialized JPA EntityManagerFactory for persistence unit 'default'
2020-02-19 00:42:52.277  WARN 2388 --- [    Test worker] JpaBaseConfiguration$JpaWebConfiguration : spring.jpa.open-in-view is enabled by default. Therefore, database queries may be performed during view rendering. Explicitly configure spring.jpa.open-in-view to disable this warning
2020-02-19 00:42:52.645  INFO 2388 --- [    Test worker] o.s.s.concurrent.ThreadPoolTaskExecutor  : Initializing ExecutorService 'applicationTaskExecutor'
2020-02-19 00:42:53.227  INFO 2388 --- [    Test worker] c.k.d.controller.ImageControllerTest     : Started ImageControllerTest in 10.617 seconds (JVM running for 14.25)
]]></system-out>
  <system-err><![CDATA[]]></system-err>
</testsuite>
