<?xml version="1.0" encoding="UTF-8"?>
<testsuite name="com.kpmg.dataprep.service.ImageServiceTest" tests="2" skipped="0" failures="0" errors="0" timestamp="2020-02-19T11:55:58" hostname="simseungcheol-ui-MacBookPro.local" time="0.433">
  <properties/>
  <testcase name="create()" classname="com.kpmg.dataprep.service.ImageServiceTest" time="0.268"/>
  <testcase name="readPython()" classname="com.kpmg.dataprep.service.ImageServiceTest" time="0.162"/>
  <system-out><![CDATA[2020-02-19 20:55:58.394  INFO 31471 --- [    Test worker] .b.t.c.SpringBootTestContextBootstrapper : Neither @ContextConfiguration nor @ContextHierarchy found for test class [com.kpmg.dataprep.service.ImageServiceTest], using SpringBootContextLoader
2020-02-19 20:55:58.396  INFO 31471 --- [    Test worker] o.s.t.c.support.AbstractContextLoader    : Could not detect default resource locations for test class [com.kpmg.dataprep.service.ImageServiceTest]: no resource found for suffixes {-context.xml, Context.groovy}.
2020-02-19 20:55:58.396  INFO 31471 --- [    Test worker] t.c.s.AnnotationConfigContextLoaderUtils : Could not detect default configuration classes for test class [com.kpmg.dataprep.service.ImageServiceTest]: ImageServiceTest does not declare any static, non-private, non-final, nested classes annotated with @Configuration.
2020-02-19 20:55:58.403  INFO 31471 --- [    Test worker] .b.t.c.SpringBootTestContextBootstrapper : Found @SpringBootConfiguration com.kpmg.dataprep.DataprepApplication for test class com.kpmg.dataprep.service.ImageServiceTest
2020-02-19 20:55:58.406  INFO 31471 --- [    Test worker] .b.t.c.SpringBootTestContextBootstrapper : Loaded default TestExecutionListener class names from location [META-INF/spring.factories]: [org.springframework.boot.test.autoconfigure.restdocs.RestDocsTestExecutionListener, org.springframework.boot.test.autoconfigure.web.client.MockRestServiceServerResetTestExecutionListener, org.springframework.boot.test.autoconfigure.web.servlet.MockMvcPrintOnlyOnFailureTestExecutionListener, org.springframework.boot.test.autoconfigure.web.servlet.WebDriverTestExecutionListener, org.springframework.boot.test.mock.mockito.MockitoTestExecutionListener, org.springframework.boot.test.mock.mockito.ResetMocksTestExecutionListener, org.springframework.test.context.web.ServletTestExecutionListener, org.springframework.test.context.support.DirtiesContextBeforeModesTestExecutionListener, org.springframework.test.context.support.DependencyInjectionTestExecutionListener, org.springframework.test.context.support.DirtiesContextTestExecutionListener, org.springframework.test.context.transaction.TransactionalTestExecutionListener, org.springframework.test.context.jdbc.SqlScriptsTestExecutionListener, org.springframework.test.context.event.EventPublishingTestExecutionListener]
2020-02-19 20:55:58.407  INFO 31471 --- [    Test worker] .b.t.c.SpringBootTestContextBootstrapper : Using TestExecutionListeners: [org.springframework.test.context.web.ServletTestExecutionListener@5f87d13, org.springframework.test.context.support.DirtiesContextBeforeModesTestExecutionListener@48a50d87, org.springframework.boot.test.mock.mockito.MockitoTestExecutionListener@53fa4df6, org.springframework.boot.test.autoconfigure.SpringBootDependencyInjectionTestExecutionListener@79f53415, org.springframework.test.context.support.DirtiesContextTestExecutionListener@3fa3cedd, org.springframework.test.context.transaction.TransactionalTestExecutionListener@5f0a359b, org.springframework.test.context.jdbc.SqlScriptsTestExecutionListener@5e9e5671, org.springframework.test.context.event.EventPublishingTestExecutionListener@e1b942b, org.springframework.boot.test.autoconfigure.restdocs.RestDocsTestExecutionListener@2fef7613, org.springframework.boot.test.autoconfigure.web.client.MockRestServiceServerResetTestExecutionListener@21472898, org.springframework.boot.test.autoconfigure.web.servlet.MockMvcPrintOnlyOnFailureTestExecutionListener@dc6cf1f, org.springframework.boot.test.autoconfigure.web.servlet.WebDriverTestExecutionListener@5f2eb840, org.springframework.boot.test.mock.mockito.ResetMocksTestExecutionListener@ba50258]
Hibernate: insert into image (file_id, image_name, update_time, worker_name) values (?, ?, ?, ?)
path:python3	/home/ubuntu/dataprepPythonFile/object_classification.py	/home/ubuntu/dataprepFile/831cff2ede294c04ba37b75b33d63bd0951.png

testtest
]]></system-out>
  <system-err><![CDATA[]]></system-err>
</testsuite>
