<?xml version="1.0" encoding="UTF-8"?>
<testsuite name="com.kpmg.dataprep.service.OcrServiceTest" tests="3" skipped="0" failures="0" errors="0" timestamp="2020-02-19T11:55:58" hostname="simseungcheol-ui-MacBookPro.local" time="0.185">
  <properties/>
  <testcase name="parse2()" classname="com.kpmg.dataprep.service.OcrServiceTest" time="0.003"/>
  <testcase name="ocrParsingTest()" classname="com.kpmg.dataprep.service.OcrServiceTest" time="0.003"/>
  <testcase name="readPython()" classname="com.kpmg.dataprep.service.OcrServiceTest" time="0.175"/>
  <system-out><![CDATA[2020-02-19 20:55:58.859  INFO 31471 --- [    Test worker] .b.t.c.SpringBootTestContextBootstrapper : Neither @ContextConfiguration nor @ContextHierarchy found for test class [com.kpmg.dataprep.service.OcrServiceTest], using SpringBootContextLoader
2020-02-19 20:55:58.860  INFO 31471 --- [    Test worker] o.s.t.c.support.AbstractContextLoader    : Could not detect default resource locations for test class [com.kpmg.dataprep.service.OcrServiceTest]: no resource found for suffixes {-context.xml, Context.groovy}.
2020-02-19 20:55:58.861  INFO 31471 --- [    Test worker] t.c.s.AnnotationConfigContextLoaderUtils : Could not detect default configuration classes for test class [com.kpmg.dataprep.service.OcrServiceTest]: OcrServiceTest does not declare any static, non-private, non-final, nested classes annotated with @Configuration.
2020-02-19 20:55:58.862  INFO 31471 --- [    Test worker] .b.t.c.SpringBootTestContextBootstrapper : Found @SpringBootConfiguration com.kpmg.dataprep.DataprepApplication for test class com.kpmg.dataprep.service.OcrServiceTest
2020-02-19 20:55:58.864  INFO 31471 --- [    Test worker] .b.t.c.SpringBootTestContextBootstrapper : Loaded default TestExecutionListener class names from location [META-INF/spring.factories]: [org.springframework.boot.test.autoconfigure.restdocs.RestDocsTestExecutionListener, org.springframework.boot.test.autoconfigure.web.client.MockRestServiceServerResetTestExecutionListener, org.springframework.boot.test.autoconfigure.web.servlet.MockMvcPrintOnlyOnFailureTestExecutionListener, org.springframework.boot.test.autoconfigure.web.servlet.WebDriverTestExecutionListener, org.springframework.boot.test.mock.mockito.MockitoTestExecutionListener, org.springframework.boot.test.mock.mockito.ResetMocksTestExecutionListener, org.springframework.test.context.web.ServletTestExecutionListener, org.springframework.test.context.support.DirtiesContextBeforeModesTestExecutionListener, org.springframework.test.context.support.DependencyInjectionTestExecutionListener, org.springframework.test.context.support.DirtiesContextTestExecutionListener, org.springframework.test.context.transaction.TransactionalTestExecutionListener, org.springframework.test.context.jdbc.SqlScriptsTestExecutionListener, org.springframework.test.context.event.EventPublishingTestExecutionListener]
2020-02-19 20:55:58.864  INFO 31471 --- [    Test worker] .b.t.c.SpringBootTestContextBootstrapper : Using TestExecutionListeners: [org.springframework.test.context.web.ServletTestExecutionListener@29cc4c88, org.springframework.test.context.support.DirtiesContextBeforeModesTestExecutionListener@5828ddfc, org.springframework.boot.test.mock.mockito.MockitoTestExecutionListener@70a9a71d, org.springframework.boot.test.autoconfigure.SpringBootDependencyInjectionTestExecutionListener@7b35a18e, org.springframework.test.context.support.DirtiesContextTestExecutionListener@30d61a6c, org.springframework.test.context.transaction.TransactionalTestExecutionListener@2e8ff6b7, org.springframework.test.context.jdbc.SqlScriptsTestExecutionListener@13a32d34, org.springframework.test.context.event.EventPublishingTestExecutionListener@45ccd71f, org.springframework.boot.test.autoconfigure.restdocs.RestDocsTestExecutionListener@45c9b0b0, org.springframework.boot.test.autoconfigure.web.client.MockRestServiceServerResetTestExecutionListener@14a2dcf0, org.springframework.boot.test.autoconfigure.web.servlet.MockMvcPrintOnlyOnFailureTestExecutionListener@1ee289dd, org.springframework.boot.test.autoconfigure.web.servlet.WebDriverTestExecutionListener@3d35d131, org.springframework.boot.test.mock.mockito.ResetMocksTestExecutionListener@35f1ba17]
10,890원
00
testtest
{goods={0=[Ljava.lang.String;@14ba2b0b}}
path:python3	/home/ubuntu/dataprepPythonFile/ocr.py	/home/ubuntu/dataprepFile/ocrtest.jpg
]]></system-out>
  <system-err><![CDATA[]]></system-err>
</testsuite>
