<?xml version="1.0" encoding="UTF-8"?>
<testsuite name="com.kpmg.dataprep.service.OcrServiceTest" tests="2" skipped="0" failures="0" errors="0" timestamp="2020-02-18T15:42:54" hostname="simseungcheol-ui-MacBookPro.local" time="0.2">
  <properties/>
  <testcase name="ocrParsingTest()" classname="com.kpmg.dataprep.service.OcrServiceTest" time="0.007"/>
  <testcase name="readPython()" classname="com.kpmg.dataprep.service.OcrServiceTest" time="0.191"/>
  <system-out><![CDATA[2020-02-19 00:42:54.128  INFO 2388 --- [    Test worker] .b.t.c.SpringBootTestContextBootstrapper : Neither @ContextConfiguration nor @ContextHierarchy found for test class [com.kpmg.dataprep.service.OcrServiceTest], using SpringBootContextLoader
2020-02-19 00:42:54.130  INFO 2388 --- [    Test worker] o.s.t.c.support.AbstractContextLoader    : Could not detect default resource locations for test class [com.kpmg.dataprep.service.OcrServiceTest]: no resource found for suffixes {-context.xml, Context.groovy}.
2020-02-19 00:42:54.130  INFO 2388 --- [    Test worker] t.c.s.AnnotationConfigContextLoaderUtils : Could not detect default configuration classes for test class [com.kpmg.dataprep.service.OcrServiceTest]: OcrServiceTest does not declare any static, non-private, non-final, nested classes annotated with @Configuration.
2020-02-19 00:42:54.136  INFO 2388 --- [    Test worker] .b.t.c.SpringBootTestContextBootstrapper : Found @SpringBootConfiguration com.kpmg.dataprep.DataprepApplication for test class com.kpmg.dataprep.service.OcrServiceTest
2020-02-19 00:42:54.139  INFO 2388 --- [    Test worker] .b.t.c.SpringBootTestContextBootstrapper : Loaded default TestExecutionListener class names from location [META-INF/spring.factories]: [org.springframework.boot.test.autoconfigure.restdocs.RestDocsTestExecutionListener, org.springframework.boot.test.autoconfigure.web.client.MockRestServiceServerResetTestExecutionListener, org.springframework.boot.test.autoconfigure.web.servlet.MockMvcPrintOnlyOnFailureTestExecutionListener, org.springframework.boot.test.autoconfigure.web.servlet.WebDriverTestExecutionListener, org.springframework.boot.test.mock.mockito.MockitoTestExecutionListener, org.springframework.boot.test.mock.mockito.ResetMocksTestExecutionListener, org.springframework.test.context.web.ServletTestExecutionListener, org.springframework.test.context.support.DirtiesContextBeforeModesTestExecutionListener, org.springframework.test.context.support.DependencyInjectionTestExecutionListener, org.springframework.test.context.support.DirtiesContextTestExecutionListener, org.springframework.test.context.transaction.TransactionalTestExecutionListener, org.springframework.test.context.jdbc.SqlScriptsTestExecutionListener, org.springframework.test.context.event.EventPublishingTestExecutionListener]
2020-02-19 00:42:54.140  INFO 2388 --- [    Test worker] .b.t.c.SpringBootTestContextBootstrapper : Using TestExecutionListeners: [org.springframework.test.context.web.ServletTestExecutionListener@6feb739a, org.springframework.test.context.support.DirtiesContextBeforeModesTestExecutionListener@33ebcc58, org.springframework.boot.test.mock.mockito.MockitoTestExecutionListener@761c7987, org.springframework.boot.test.autoconfigure.SpringBootDependencyInjectionTestExecutionListener@62ddfd38, org.springframework.test.context.support.DirtiesContextTestExecutionListener@569e355a, org.springframework.test.context.transaction.TransactionalTestExecutionListener@3bfaaadd, org.springframework.test.context.jdbc.SqlScriptsTestExecutionListener@2e3f3c64, org.springframework.test.context.event.EventPublishingTestExecutionListener@230630a6, org.springframework.boot.test.autoconfigure.restdocs.RestDocsTestExecutionListener@415e579, org.springframework.boot.test.autoconfigure.web.client.MockRestServiceServerResetTestExecutionListener@6a570b64, org.springframework.boot.test.autoconfigure.web.servlet.MockMvcPrintOnlyOnFailureTestExecutionListener@3d5cd656, org.springframework.boot.test.autoconfigure.web.servlet.WebDriverTestExecutionListener@2fcd525b, org.springframework.boot.test.mock.mockito.ResetMocksTestExecutionListener@45844f6]
test:필라이트캔50014Ｌ
test:1
test:1,190
path:python3	/home/ubuntu/dataprepPythonFile/ocr.py	/home/ubuntu/dataprepFile/ocrtest.jpg
]]></system-out>
  <system-err><![CDATA[]]></system-err>
</testsuite>
