<?xml version="1.0" encoding="UTF-8"?>
<testsuite name="com.kpmg.dataprep.DataprepApplicationTests" tests="1" skipped="0" failures="0" errors="0" timestamp="2020-02-19T11:55:59" hostname="simseungcheol-ui-MacBookPro.local" time="0.003">
  <properties/>
  <testcase name="contextLoads()" classname="com.kpmg.dataprep.DataprepApplicationTests" time="0.003"/>
  <system-out><![CDATA[2020-02-19 20:55:59.053  INFO 31471 --- [    Test worker] .b.t.c.SpringBootTestContextBootstrapper : Neither @ContextConfiguration nor @ContextHierarchy found for test class [com.kpmg.dataprep.DataprepApplicationTests], using SpringBootContextLoader
2020-02-19 20:55:59.054  INFO 31471 --- [    Test worker] o.s.t.c.support.AbstractContextLoader    : Could not detect default resource locations for test class [com.kpmg.dataprep.DataprepApplicationTests]: no resource found for suffixes {-context.xml, Context.groovy}.
2020-02-19 20:55:59.054  INFO 31471 --- [    Test worker] t.c.s.AnnotationConfigContextLoaderUtils : Could not detect default configuration classes for test class [com.kpmg.dataprep.DataprepApplicationTests]: DataprepApplicationTests does not declare any static, non-private, non-final, nested classes annotated with @Configuration.
2020-02-19 20:55:59.057  INFO 31471 --- [    Test worker] .b.t.c.SpringBootTestContextBootstrapper : Found @SpringBootConfiguration com.kpmg.dataprep.DataprepApplication for test class com.kpmg.dataprep.DataprepApplicationTests
2020-02-19 20:55:59.059  INFO 31471 --- [    Test worker] .b.t.c.SpringBootTestContextBootstrapper : Loaded default TestExecutionListener class names from location [META-INF/spring.factories]: [org.springframework.boot.test.autoconfigure.restdocs.RestDocsTestExecutionListener, org.springframework.boot.test.autoconfigure.web.client.MockRestServiceServerResetTestExecutionListener, org.springframework.boot.test.autoconfigure.web.servlet.MockMvcPrintOnlyOnFailureTestExecutionListener, org.springframework.boot.test.autoconfigure.web.servlet.WebDriverTestExecutionListener, org.springframework.boot.test.mock.mockito.MockitoTestExecutionListener, org.springframework.boot.test.mock.mockito.ResetMocksTestExecutionListener, org.springframework.test.context.web.ServletTestExecutionListener, org.springframework.test.context.support.DirtiesContextBeforeModesTestExecutionListener, org.springframework.test.context.support.DependencyInjectionTestExecutionListener, org.springframework.test.context.support.DirtiesContextTestExecutionListener, org.springframework.test.context.transaction.TransactionalTestExecutionListener, org.springframework.test.context.jdbc.SqlScriptsTestExecutionListener, org.springframework.test.context.event.EventPublishingTestExecutionListener]
2020-02-19 20:55:59.060  INFO 31471 --- [    Test worker] .b.t.c.SpringBootTestContextBootstrapper : Using TestExecutionListeners: [org.springframework.test.context.web.ServletTestExecutionListener@20fae0c, org.springframework.test.context.support.DirtiesContextBeforeModesTestExecutionListener@3581f82, org.springframework.boot.test.mock.mockito.MockitoTestExecutionListener@1a0a0a57, org.springframework.boot.test.autoconfigure.SpringBootDependencyInjectionTestExecutionListener@7a561945, org.springframework.test.context.support.DirtiesContextTestExecutionListener@5d6a7cd, org.springframework.test.context.transaction.TransactionalTestExecutionListener@46311cfa, org.springframework.test.context.jdbc.SqlScriptsTestExecutionListener@c23eed9, org.springframework.test.context.event.EventPublishingTestExecutionListener@46755229, org.springframework.boot.test.autoconfigure.restdocs.RestDocsTestExecutionListener@76ad7de5, org.springframework.boot.test.autoconfigure.web.client.MockRestServiceServerResetTestExecutionListener@38356906, org.springframework.boot.test.autoconfigure.web.servlet.MockMvcPrintOnlyOnFailureTestExecutionListener@2bf31dff, org.springframework.boot.test.autoconfigure.web.servlet.WebDriverTestExecutionListener@47fbf6b2, org.springframework.boot.test.mock.mockito.ResetMocksTestExecutionListener@5aa4e9fd]
]]></system-out>
  <system-err><![CDATA[]]></system-err>
</testsuite>
