<?xml version="1.0" encoding="UTF-8"?>
<testsuite name="com.kpmg.dataprep.service.FileServiceTest" tests="1" skipped="0" failures="0" errors="0" timestamp="2020-02-19T11:55:58" hostname="simseungcheol-ui-MacBookPro.local" time="0.003">
  <properties/>
  <testcase name="uploadFileDir()" classname="com.kpmg.dataprep.service.FileServiceTest" time="0.003"/>
  <system-out><![CDATA[2020-02-19 20:55:58.847  INFO 31471 --- [    Test worker] .b.t.c.SpringBootTestContextBootstrapper : Neither @ContextConfiguration nor @ContextHierarchy found for test class [com.kpmg.dataprep.service.FileServiceTest], using SpringBootContextLoader
2020-02-19 20:55:58.848  INFO 31471 --- [    Test worker] o.s.t.c.support.AbstractContextLoader    : Could not detect default resource locations for test class [com.kpmg.dataprep.service.FileServiceTest]: no resource found for suffixes {-context.xml, Context.groovy}.
2020-02-19 20:55:58.848  INFO 31471 --- [    Test worker] t.c.s.AnnotationConfigContextLoaderUtils : Could not detect default configuration classes for test class [com.kpmg.dataprep.service.FileServiceTest]: FileServiceTest does not declare any static, non-private, non-final, nested classes annotated with @Configuration.
2020-02-19 20:55:58.850  INFO 31471 --- [    Test worker] .b.t.c.SpringBootTestContextBootstrapper : Found @SpringBootConfiguration com.kpmg.dataprep.DataprepApplication for test class com.kpmg.dataprep.service.FileServiceTest
2020-02-19 20:55:58.852  INFO 31471 --- [    Test worker] .b.t.c.SpringBootTestContextBootstrapper : Loaded default TestExecutionListener class names from location [META-INF/spring.factories]: [org.springframework.boot.test.autoconfigure.restdocs.RestDocsTestExecutionListener, org.springframework.boot.test.autoconfigure.web.client.MockRestServiceServerResetTestExecutionListener, org.springframework.boot.test.autoconfigure.web.servlet.MockMvcPrintOnlyOnFailureTestExecutionListener, org.springframework.boot.test.autoconfigure.web.servlet.WebDriverTestExecutionListener, org.springframework.boot.test.mock.mockito.MockitoTestExecutionListener, org.springframework.boot.test.mock.mockito.ResetMocksTestExecutionListener, org.springframework.test.context.web.ServletTestExecutionListener, org.springframework.test.context.support.DirtiesContextBeforeModesTestExecutionListener, org.springframework.test.context.support.DependencyInjectionTestExecutionListener, org.springframework.test.context.support.DirtiesContextTestExecutionListener, org.springframework.test.context.transaction.TransactionalTestExecutionListener, org.springframework.test.context.jdbc.SqlScriptsTestExecutionListener, org.springframework.test.context.event.EventPublishingTestExecutionListener]
2020-02-19 20:55:58.852  INFO 31471 --- [    Test worker] .b.t.c.SpringBootTestContextBootstrapper : Using TestExecutionListeners: [org.springframework.test.context.web.ServletTestExecutionListener@16eba351, org.springframework.test.context.support.DirtiesContextBeforeModesTestExecutionListener@5540a930, org.springframework.boot.test.mock.mockito.MockitoTestExecutionListener@48a46596, org.springframework.boot.test.autoconfigure.SpringBootDependencyInjectionTestExecutionListener@1e7c230c, org.springframework.test.context.support.DirtiesContextTestExecutionListener@55c6eab9, org.springframework.test.context.transaction.TransactionalTestExecutionListener@59fd018, org.springframework.test.context.jdbc.SqlScriptsTestExecutionListener@6efc9de8, org.springframework.test.context.event.EventPublishingTestExecutionListener@11e7b778, org.springframework.boot.test.autoconfigure.restdocs.RestDocsTestExecutionListener@739604df, org.springframework.boot.test.autoconfigure.web.client.MockRestServiceServerResetTestExecutionListener@8f215a5, org.springframework.boot.test.autoconfigure.web.servlet.MockMvcPrintOnlyOnFailureTestExecutionListener@26bca8e, org.springframework.boot.test.autoconfigure.web.servlet.WebDriverTestExecutionListener@2e1be1cc, org.springframework.boot.test.mock.mockito.ResetMocksTestExecutionListener@6de8a82c]
/home/ubuntu/dataprepFile/
]]></system-out>
  <system-err><![CDATA[]]></system-err>
</testsuite>
