<?xml version="1.0" encoding="UTF-8"?>
<testsuite name="com.kpmg.dataprep.service.VideoServiceTest" tests="1" skipped="0" failures="0" errors="0" timestamp="2020-02-22T14:08:45" hostname="simseungcheol-ui-MacBookPro.local" time="31.29">
  <properties/>
  <testcase name="wavToText()" classname="com.kpmg.dataprep.service.VideoServiceTest" time="31.29"/>
  <system-out><![CDATA[2020-02-22 23:08:45.460  INFO 40587 --- [    Test worker] .b.t.c.SpringBootTestContextBootstrapper : Neither @ContextConfiguration nor @ContextHierarchy found for test class [com.kpmg.dataprep.service.VideoServiceTest], using SpringBootContextLoader
2020-02-22 23:08:45.464  INFO 40587 --- [    Test worker] o.s.t.c.support.AbstractContextLoader    : Could not detect default resource locations for test class [com.kpmg.dataprep.service.VideoServiceTest]: no resource found for suffixes {-context.xml, Context.groovy}.
2020-02-22 23:08:45.465  INFO 40587 --- [    Test worker] t.c.s.AnnotationConfigContextLoaderUtils : Could not detect default configuration classes for test class [com.kpmg.dataprep.service.VideoServiceTest]: VideoServiceTest does not declare any static, non-private, non-final, nested classes annotated with @Configuration.
2020-02-22 23:08:45.489  INFO 40587 --- [    Test worker] .b.t.c.SpringBootTestContextBootstrapper : Found @SpringBootConfiguration com.kpmg.dataprep.DataprepApplication for test class com.kpmg.dataprep.service.VideoServiceTest
2020-02-22 23:08:45.492  INFO 40587 --- [    Test worker] .b.t.c.SpringBootTestContextBootstrapper : Loaded default TestExecutionListener class names from location [META-INF/spring.factories]: [org.springframework.boot.test.autoconfigure.restdocs.RestDocsTestExecutionListener, org.springframework.boot.test.autoconfigure.web.client.MockRestServiceServerResetTestExecutionListener, org.springframework.boot.test.autoconfigure.web.servlet.MockMvcPrintOnlyOnFailureTestExecutionListener, org.springframework.boot.test.autoconfigure.web.servlet.WebDriverTestExecutionListener, org.springframework.boot.test.mock.mockito.MockitoTestExecutionListener, org.springframework.boot.test.mock.mockito.ResetMocksTestExecutionListener, org.springframework.test.context.web.ServletTestExecutionListener, org.springframework.test.context.support.DirtiesContextBeforeModesTestExecutionListener, org.springframework.test.context.support.DependencyInjectionTestExecutionListener, org.springframework.test.context.support.DirtiesContextTestExecutionListener, org.springframework.test.context.transaction.TransactionalTestExecutionListener, org.springframework.test.context.jdbc.SqlScriptsTestExecutionListener, org.springframework.test.context.event.EventPublishingTestExecutionListener]
2020-02-22 23:08:45.493  INFO 40587 --- [    Test worker] .b.t.c.SpringBootTestContextBootstrapper : Using TestExecutionListeners: [org.springframework.test.context.web.ServletTestExecutionListener@668033f1, org.springframework.test.context.support.DirtiesContextBeforeModesTestExecutionListener@76429500, org.springframework.boot.test.mock.mockito.MockitoTestExecutionListener@23e43724, org.springframework.boot.test.autoconfigure.SpringBootDependencyInjectionTestExecutionListener@6a474fdd, org.springframework.test.context.support.DirtiesContextTestExecutionListener@d3ff6df, org.springframework.test.context.transaction.TransactionalTestExecutionListener@6f3798ed, org.springframework.test.context.jdbc.SqlScriptsTestExecutionListener@6d68df38, org.springframework.test.context.event.EventPublishingTestExecutionListener@3d814cef, org.springframework.boot.test.autoconfigure.restdocs.RestDocsTestExecutionListener@4f7adc8e, org.springframework.boot.test.autoconfigure.web.client.MockRestServiceServerResetTestExecutionListener@1c59c57c, org.springframework.boot.test.autoconfigure.web.servlet.MockMvcPrintOnlyOnFailureTestExecutionListener@37e348d0, org.springframework.boot.test.autoconfigure.web.servlet.WebDriverTestExecutionListener@b29cf7, org.springframework.boot.test.mock.mockito.ResetMocksTestExecutionListener@1935bec3]
{"text":"The problem is when the capital moved from an elliptical orbit a parabolic orbit is the mathematical form of that is we can calculate a long demanding but without this conversion the cast stays in orbit we can bring it back home I wouldn't think about this all wrong house that is not mapped at all"}
]]></system-out>
  <system-err><![CDATA[]]></system-err>
</testsuite>
