<?xml version="1.0" encoding="UTF-8"?>
<testsuite name="com.kpmg.dataprep.service.OcrServiceTest" tests="3" skipped="0" failures="0" errors="0" timestamp="2020-02-22T14:09:22" hostname="simseungcheol-ui-MacBookPro.local" time="0.462">
  <properties/>
  <testcase name="parse2()" classname="com.kpmg.dataprep.service.OcrServiceTest" time="0.003"/>
  <testcase name="ocrParsingTest()" classname="com.kpmg.dataprep.service.OcrServiceTest" time="0.005"/>
  <testcase name="readPython()" classname="com.kpmg.dataprep.service.OcrServiceTest" time="0.45"/>
  <system-out><![CDATA[2020-02-22 23:09:22.252  INFO 40587 --- [    Test worker] .b.t.c.SpringBootTestContextBootstrapper : Neither @ContextConfiguration nor @ContextHierarchy found for test class [com.kpmg.dataprep.service.OcrServiceTest], using SpringBootContextLoader
2020-02-22 23:09:22.253  INFO 40587 --- [    Test worker] o.s.t.c.support.AbstractContextLoader    : Could not detect default resource locations for test class [com.kpmg.dataprep.service.OcrServiceTest]: no resource found for suffixes {-context.xml, Context.groovy}.
2020-02-22 23:09:22.253  INFO 40587 --- [    Test worker] t.c.s.AnnotationConfigContextLoaderUtils : Could not detect default configuration classes for test class [com.kpmg.dataprep.service.OcrServiceTest]: OcrServiceTest does not declare any static, non-private, non-final, nested classes annotated with @Configuration.
2020-02-22 23:09:22.255  INFO 40587 --- [    Test worker] .b.t.c.SpringBootTestContextBootstrapper : Found @SpringBootConfiguration com.kpmg.dataprep.DataprepApplication for test class com.kpmg.dataprep.service.OcrServiceTest
2020-02-22 23:09:22.257  INFO 40587 --- [    Test worker] .b.t.c.SpringBootTestContextBootstrapper : Loaded default TestExecutionListener class names from location [META-INF/spring.factories]: [org.springframework.boot.test.autoconfigure.restdocs.RestDocsTestExecutionListener, org.springframework.boot.test.autoconfigure.web.client.MockRestServiceServerResetTestExecutionListener, org.springframework.boot.test.autoconfigure.web.servlet.MockMvcPrintOnlyOnFailureTestExecutionListener, org.springframework.boot.test.autoconfigure.web.servlet.WebDriverTestExecutionListener, org.springframework.boot.test.mock.mockito.MockitoTestExecutionListener, org.springframework.boot.test.mock.mockito.ResetMocksTestExecutionListener, org.springframework.test.context.web.ServletTestExecutionListener, org.springframework.test.context.support.DirtiesContextBeforeModesTestExecutionListener, org.springframework.test.context.support.DependencyInjectionTestExecutionListener, org.springframework.test.context.support.DirtiesContextTestExecutionListener, org.springframework.test.context.transaction.TransactionalTestExecutionListener, org.springframework.test.context.jdbc.SqlScriptsTestExecutionListener, org.springframework.test.context.event.EventPublishingTestExecutionListener]
2020-02-22 23:09:22.257  INFO 40587 --- [    Test worker] .b.t.c.SpringBootTestContextBootstrapper : Using TestExecutionListeners: [org.springframework.test.context.web.ServletTestExecutionListener@57417f7f, org.springframework.test.context.support.DirtiesContextBeforeModesTestExecutionListener@4dba8924, org.springframework.boot.test.mock.mockito.MockitoTestExecutionListener@785a472e, org.springframework.boot.test.autoconfigure.SpringBootDependencyInjectionTestExecutionListener@3320272c, org.springframework.test.context.support.DirtiesContextTestExecutionListener@6f461cb0, org.springframework.test.context.transaction.TransactionalTestExecutionListener@76ac5bd5, org.springframework.test.context.jdbc.SqlScriptsTestExecutionListener@5c651119, org.springframework.test.context.event.EventPublishingTestExecutionListener@6e4e44fe, org.springframework.boot.test.autoconfigure.restdocs.RestDocsTestExecutionListener@3132761b, org.springframework.boot.test.autoconfigure.web.client.MockRestServiceServerResetTestExecutionListener@25d4e11b, org.springframework.boot.test.autoconfigure.web.servlet.MockMvcPrintOnlyOnFailureTestExecutionListener@514dd161, org.springframework.boot.test.autoconfigure.web.servlet.WebDriverTestExecutionListener@4d380602, org.springframework.boot.test.mock.mockito.ResetMocksTestExecutionListener@6f982310]
10,890원
00
testtest
{goods={0=[Ljava.lang.String;@2ad7a0e6}}
path:python3	/Users/simseungcheol/Desktop/studyProject/dataprepPythonFile/ocr.py	/Users/simseungcheol/Desktop/studyProject/dataprepfile/ocrtest.jpg
]]></system-out>
  <system-err><![CDATA[]]></system-err>
</testsuite>
