<?xml version="1.0" encoding="UTF-8"?>
<testsuite name="com.kpmg.dataprep.DataprepApplicationTests" tests="1" skipped="0" failures="0" errors="0" timestamp="2020-02-22T14:09:22" hostname="simseungcheol-ui-MacBookPro.local" time="0.003">
  <properties/>
  <testcase name="contextLoads()" classname="com.kpmg.dataprep.DataprepApplicationTests" time="0.003"/>
  <system-out><![CDATA[2020-02-22 23:09:22.725  INFO 40587 --- [    Test worker] .b.t.c.SpringBootTestContextBootstrapper : Neither @ContextConfiguration nor @ContextHierarchy found for test class [com.kpmg.dataprep.DataprepApplicationTests], using SpringBootContextLoader
2020-02-22 23:09:22.726  INFO 40587 --- [    Test worker] o.s.t.c.support.AbstractContextLoader    : Could not detect default resource locations for test class [com.kpmg.dataprep.DataprepApplicationTests]: no resource found for suffixes {-context.xml, Context.groovy}.
2020-02-22 23:09:22.727  INFO 40587 --- [    Test worker] t.c.s.AnnotationConfigContextLoaderUtils : Could not detect default configuration classes for test class [com.kpmg.dataprep.DataprepApplicationTests]: DataprepApplicationTests does not declare any static, non-private, non-final, nested classes annotated with @Configuration.
2020-02-22 23:09:22.733  INFO 40587 --- [    Test worker] .b.t.c.SpringBootTestContextBootstrapper : Found @SpringBootConfiguration com.kpmg.dataprep.DataprepApplication for test class com.kpmg.dataprep.DataprepApplicationTests
2020-02-22 23:09:22.734  INFO 40587 --- [    Test worker] .b.t.c.SpringBootTestContextBootstrapper : Loaded default TestExecutionListener class names from location [META-INF/spring.factories]: [org.springframework.boot.test.autoconfigure.restdocs.RestDocsTestExecutionListener, org.springframework.boot.test.autoconfigure.web.client.MockRestServiceServerResetTestExecutionListener, org.springframework.boot.test.autoconfigure.web.servlet.MockMvcPrintOnlyOnFailureTestExecutionListener, org.springframework.boot.test.autoconfigure.web.servlet.WebDriverTestExecutionListener, org.springframework.boot.test.mock.mockito.MockitoTestExecutionListener, org.springframework.boot.test.mock.mockito.ResetMocksTestExecutionListener, org.springframework.test.context.web.ServletTestExecutionListener, org.springframework.test.context.support.DirtiesContextBeforeModesTestExecutionListener, org.springframework.test.context.support.DependencyInjectionTestExecutionListener, org.springframework.test.context.support.DirtiesContextTestExecutionListener, org.springframework.test.context.transaction.TransactionalTestExecutionListener, org.springframework.test.context.jdbc.SqlScriptsTestExecutionListener, org.springframework.test.context.event.EventPublishingTestExecutionListener]
2020-02-22 23:09:22.735  INFO 40587 --- [    Test worker] .b.t.c.SpringBootTestContextBootstrapper : Using TestExecutionListeners: [org.springframework.test.context.web.ServletTestExecutionListener@593960db, org.springframework.test.context.support.DirtiesContextBeforeModesTestExecutionListener@4e7e3b8a, org.springframework.boot.test.mock.mockito.MockitoTestExecutionListener@180fe00c, org.springframework.boot.test.autoconfigure.SpringBootDependencyInjectionTestExecutionListener@3b0c4d21, org.springframework.test.context.support.DirtiesContextTestExecutionListener@2921cd23, org.springframework.test.context.transaction.TransactionalTestExecutionListener@163c01e6, org.springframework.test.context.jdbc.SqlScriptsTestExecutionListener@71549cad, org.springframework.test.context.event.EventPublishingTestExecutionListener@2868a2e3, org.springframework.boot.test.autoconfigure.restdocs.RestDocsTestExecutionListener@f072a18, org.springframework.boot.test.autoconfigure.web.client.MockRestServiceServerResetTestExecutionListener@7942392f, org.springframework.boot.test.autoconfigure.web.servlet.MockMvcPrintOnlyOnFailureTestExecutionListener@2ca6635e, org.springframework.boot.test.autoconfigure.web.servlet.WebDriverTestExecutionListener@4134b393, org.springframework.boot.test.mock.mockito.ResetMocksTestExecutionListener@77d50647]
]]></system-out>
  <system-err><![CDATA[]]></system-err>
</testsuite>
